<?xml version='1.0' encoding='UTF-8'?>
<testsuite hostname="ubuntu" name="iit3503.ControlTester" tests="30" errors="0" failures="0" skipped="0" time="598.529" timestamp="2021-05-07T17:26:36">
                     <properties>
[...]
</properties>
                     <testcase classname="iit3503.ControlTester" name="Control Unit should start in IFETCH state (18)" time="28.433">
                                                 
                                               </testcase><testcase classname="iit3503.ControlTester" name="Control Unit should go through unexceptional IFETCH sequence properly" time="24.871">
                                                 
                                               </testcase><testcase classname="iit3503.ControlTester" name="Control Unit should initiate the INT sequence properly" time="21.452">
                                                 
                                               </testcase><testcase classname="iit3503.ControlTester" name="Control Unit should initiate the ACV sequence properly in an IFETCH" time="21.493">
                                                 
                                               </testcase><testcase classname="iit3503.ControlTester" name="Control Unit should actually wait for memory in an IFETCH" time="41.05">
                                                 
                                               </testcase><testcase classname="iit3503.ControlTester" name="Control Unit should go through ADD states properly" time="16.611">
                                                 
                                               </testcase><testcase classname="iit3503.ControlTester" name="Control Unit should go through AND states properly" time="21.47">
                                                 
                                               </testcase><testcase classname="iit3503.ControlTester" name="Control Unit should go through NOT states properly" time="21.384">
                                                 
                                               </testcase><testcase classname="iit3503.ControlTester" name="Control Unit should go through LEA states properly" time="19.559">
                                                 
                                               </testcase><testcase classname="iit3503.ControlTester" name="Control Unit should go through LD states properly" time="16.388">
                                                 
                                               </testcase><testcase classname="iit3503.ControlTester" name="Control Unit should go through LDR states properly" time="18.166">
                                                 
                                               </testcase><testcase classname="iit3503.ControlTester" name="Control Unit should go through LDI states properly" time="16.959">
                                                 
                                               </testcase><testcase classname="iit3503.ControlTester" name="Control Unit should go through STI states properly" time="20.75">
                                                 
                                               </testcase><testcase classname="iit3503.ControlTester" name="Control Unit should go through STR states properly" time="18.696">
                                                 
                                               </testcase><testcase classname="iit3503.ControlTester" name="Control Unit should go through ST states properly" time="17.647">
                                                 
                                               </testcase><testcase classname="iit3503.ControlTester" name="Control Unit should go through JSR states properly" time="18.442">
                                                 
                                               </testcase><testcase classname="iit3503.ControlTester" name="Control Unit should go through JSRR states properly" time="15.331">
                                                 
                                               </testcase><testcase classname="iit3503.ControlTester" name="Control Unit should go through JMP states properly" time="18.579">
                                                 
                                               </testcase><testcase classname="iit3503.ControlTester" name="Control Unit should go through BR states properly when branch not taken" time="22.657">
                                                 
                                               </testcase><testcase classname="iit3503.ControlTester" name="Control Unit should go through BR states properly when branch taken" time="16.268">
                                                 
                                               </testcase><testcase classname="iit3503.ControlTester" name="Control Unit should handle ACV properly on an LD" time="18.166">
                                                 
                                               </testcase><testcase classname="iit3503.ControlTester" name="Control Unit should handle ACV properly on LDI indirect access" time="18.416">
                                                 
                                               </testcase><testcase classname="iit3503.ControlTester" name="Control Unit should go through undefined opcode states properly in supervisor mode" time="15.026">
                                                 
                                               </testcase><testcase classname="iit3503.ControlTester" name="Control Unit should go through undefined opcode states properly in user mode" time="17.812">
                                                 
                                               </testcase><testcase classname="iit3503.ControlTester" name="Control Unit should respect the old gods and the new" time="18.755">
                                                 
                                               </testcase><testcase classname="iit3503.ControlTester" name="Control Unit should raise an exception for RTI in user mode" time="20.628">
                                                 
                                               </testcase><testcase classname="iit3503.ControlTester" name="Control Unit should go through RTI states properly in supervisor mode" time="18.823">
                                                 
                                               </testcase><testcase classname="iit3503.ControlTester" name="Control Unit should go through RTI states properly in supervisor mode when the INT happened in usermode" time="17.424">
                                                 
                                               </testcase><testcase classname="iit3503.ControlTester" name="Control Unit should go through TRAP states properly in usermode" time="17.883">
                                                 
                                               </testcase><testcase classname="iit3503.ControlTester" name="Control Unit should go through TRAP states properly in supervisor mode" time="19.39">
                                                 
                                               </testcase>
                     <system-out><![CDATA[]]></system-out>
                     <system-err><![CDATA[]]></system-err>
                   </testsuite>